<?xml version="1.0" encoding="UTF-8"?>
<!-- Generated by org.testng.reporters.JUnitXMLReporter -->
<testsuite hostname="DESKTOP-PV5T3HC" ignored="0" name="Default test(failed)" tests="4" failures="1" timestamp="13 Apr 2020 20:24:27 GMT" time="0.063" errors="0">
  <testcase name="loginTest" time="0.009" classname="com.test.TestNgFeatures">
    <failure type="java.lang.ArithmeticException" message="/ by zero">
      <![CDATA[java.lang.ArithmeticException: / by zero
at com.test.TestNgFeatures.loginTest(TestNgFeatures.java:11)
... Removed 25 stack frames]]>
    </failure>
  </testcase> <!-- loginTest -->
  <testcase name="regPageTest" time="0.0" classname="com.test.TestNgFeatures">
    <skipped/>
  </testcase> <!-- regPageTest -->
  <testcase name="searchPageTest" time="0.0" classname="com.test.TestNgFeatures">
    <skipped/>
  </testcase> <!-- searchPageTest -->
  <testcase name="homePageTest" time="0.0" classname="com.test.TestNgFeatures">
    <skipped/>
  </testcase> <!-- homePageTest -->
</testsuite> <!-- Default test(failed) -->
